Using pre-set license
Built from '2022.3/staging' branch; Version is '2022.3.19f1 (244b723c30a6) revision 2378610'; Using compiler version '192829333'; Build Type 'Release'
OS: 'Windows 11  (10.0.22621) 64bit Core' Language: 'en' Physical Memory: 15731 MB
BatchMode: 1, IsHumanControllingUs: 0, StartBugReporterOnCrash: 0, Is64bit: 1, IsPro: 1

COMMAND LINE ARGUMENTS:
C:\Program Files\Unity\Hub\Editor\2022.3.19f1\Editor\Unity.exe
-adb2
-batchMode
-noUpm
-name
AssetImportWorker3
-projectPath
C:/Users/gvina/OneDrive/Documents/Critical-Political/GameJamCriticalPolitical
-logFile
Logs/AssetImportWorker3.log
-srvPort
58147
Successfully changed project path to: C:/Users/gvina/OneDrive/Documents/Critical-Political/GameJamCriticalPolitical
C:/Users/gvina/OneDrive/Documents/Critical-Political/GameJamCriticalPolitical
[UnityMemory] Configuration Parameters - Can be set up in boot.config
    "memorysetup-bucket-allocator-granularity=16"
    "memorysetup-bucket-allocator-bucket-count=8"
    "memorysetup-bucket-allocator-block-size=33554432"
    "memorysetup-bucket-allocator-block-count=8"
    "memorysetup-main-allocator-block-size=16777216"
    "memorysetup-thread-allocator-block-size=16777216"
    "memorysetup-gfx-main-allocator-block-size=16777216"
    "memorysetup-gfx-thread-allocator-block-size=16777216"
    "memorysetup-cache-allocator-block-size=4194304"
    "memorysetup-typetree-allocator-block-size=2097152"
    "memorysetup-profiler-bucket-allocator-granularity=16"
    "memorysetup-profiler-bucket-allocator-bucket-count=8"
    "memorysetup-profiler-bucket-allocator-block-size=33554432"
    "memorysetup-profiler-bucket-allocator-block-count=8"
    "memorysetup-profiler-allocator-block-size=16777216"
    "memorysetup-profiler-editor-allocator-block-size=1048576"
    "memorysetup-temp-allocator-size-main=16777216"
    "memorysetup-job-temp-allocator-block-size=2097152"
    "memorysetup-job-temp-allocator-block-size-background=1048576"
    "memorysetup-job-temp-allocator-reduction-small-platforms=262144"
    "memorysetup-allocator-temp-initial-block-size-main=262144"
    "memorysetup-allocator-temp-initial-block-size-worker=262144"
    "memorysetup-temp-allocator-size-background-worker=32768"
    "memorysetup-temp-allocator-size-job-worker=262144"
    "memorysetup-temp-allocator-size-preload-manager=33554432"
    "memorysetup-temp-allocator-size-nav-mesh-worker=65536"
    "memorysetup-temp-allocator-size-audio-worker=65536"
    "memorysetup-temp-allocator-size-cloud-worker=32768"
    "memorysetup-temp-allocator-size-gi-baking-worker=262144"
    "memorysetup-temp-allocator-size-gfx=262144"
Player connection [12936] Host "[IP] 192.168.1.2 [Port] 0 [Flags] 2 [Guid] 240425712 [EditorId] 240425712 [Version] 1048832 [Id] WindowsEditor(7,GavinLaptop) [Debug] 1 [PackageName] WindowsEditor [ProjectName] Editor" joined multi-casting on [225.0.0.222:54997]...

Player connection [12936] Host "[IP] 192.168.1.2 [Port] 0 [Flags] 2 [Guid] 240425712 [EditorId] 240425712 [Version] 1048832 [Id] WindowsEditor(7,GavinLaptop) [Debug] 1 [PackageName] WindowsEditor [ProjectName] Editor" joined alternative multi-casting on [225.0.0.222:34997]...

[Physics::Module] Initialized MultithreadedJobDispatcher with 15 workers.
Refreshing native plugins compatible for Editor in 25.77 ms, found 4 plugins.
Preloading 0 native plugins for Editor in 0.00 ms.
Initialize engine version: 2022.3.19f1 (244b723c30a6)
[Subsystems] Discovering subsystems at path C:/Program Files/Unity/Hub/Editor/2022.3.19f1/Editor/Data/Resources/UnitySubsystems
[Subsystems] Discovering subsystems at path C:/Users/gvina/OneDrive/Documents/Critical-Political/GameJamCriticalPolitical/Assets
GfxDevice: creating device client; threaded=0; jobified=0
Direct3D:
    Version:  Direct3D 11.0 [level 11.1]
    Renderer: NVIDIA GeForce GTX 1660 Ti (ID=0x2191)
    Vendor:   NVIDIA
    VRAM:     5966 MB
    Driver:   31.0.15.5123
Initialize mono
Mono path[0] = 'C:/Program Files/Unity/Hub/Editor/2022.3.19f1/Editor/Data/Managed'
Mono path[1] = 'C:/Program Files/Unity/Hub/Editor/2022.3.19f1/Editor/Data/MonoBleedingEdge/lib/mono/unityjit-win32'
Mono config path = 'C:/Program Files/Unity/Hub/Editor/2022.3.19f1/Editor/Data/MonoBleedingEdge/etc'
Using monoOptions --debugger-agent=transport=dt_socket,embedding=1,server=y,suspend=n,address=127.0.0.1:56180
Begin MonoManager ReloadAssembly
Registering precompiled unity dll's ...
Register platform support module: C:/Program Files/Unity/Hub/Editor/2022.3.19f1/Editor/Data/PlaybackEngines/WebGLSupport/UnityEditor.WebGL.Extensions.dll
Register platform support module: C:/Program Files/Unity/Hub/Editor/2022.3.19f1/Editor/Data/PlaybackEngines/AndroidPlayer/UnityEditor.Android.Extensions.dll
Register platform support module: C:/Program Files/Unity/Hub/Editor/2022.3.19f1/Editor/Data/PlaybackEngines/WindowsStandaloneSupport/UnityEditor.WindowsStandalone.Extensions.dll
Registered in 0.016715 seconds.
- Loaded All Assemblies, in  0.458 seconds
Native extension for WindowsStandalone target not found
Native extension for Android target not found
Android Extension - Scanning For ADB Devices 285 ms
Native extension for WebGL target not found
Mono: successfully reloaded assembly
- Finished resetting the current domain, in  0.678 seconds
Domain Reload Profiling: 1135ms
	BeginReloadAssembly (145ms)
		ExecutionOrderSort (0ms)
		DisableScriptedObjects (0ms)
		BackupInstance (0ms)
		ReleaseScriptingObjects (0ms)
		CreateAndSetChildDomain (1ms)
	RebuildCommonClasses (40ms)
	RebuildNativeTypeToScriptingClass (12ms)
	initialDomainReloadingComplete (74ms)
	LoadAllAssembliesAndSetupDomain (185ms)
		LoadAssemblies (144ms)
		RebuildTransferFunctionScriptingTraits (0ms)
		AnalyzeDomain (181ms)
			TypeCache.Refresh (180ms)
				TypeCache.ScanAssembly (165ms)
			ScanForSourceGeneratedMonoScriptInfo (0ms)
			ResolveRequiredComponents (0ms)
	FinalizeReload (679ms)
		ReleaseScriptCaches (0ms)
		RebuildScriptCaches (0ms)
		SetupLoadedEditorAssemblies (615ms)
			LogAssemblyErrors (0ms)
			InitializePlatformSupportModulesInManaged (421ms)
			SetLoadedEditorAssemblies (4ms)
			RefreshPlugins (0ms)
			BeforeProcessingInitializeOnLoad (2ms)
			ProcessInitializeOnLoadAttributes (138ms)
			ProcessInitializeOnLoadMethodAttributes (50ms)
			AfterProcessingInitializeOnLoad (0ms)
			EditorAssembliesLoaded (0ms)
		ExecutionOrderSort2 (0ms)
		AwakeInstancesAfterBackupRestoration (0ms)
========================================================================
Worker process is ready to serve import requests
Begin MonoManager ReloadAssembly
- Loaded All Assemblies, in  0.825 seconds
Refreshing native plugins compatible for Editor in 4.93 ms, found 4 plugins.
Native extension for WindowsStandalone target not found
Native extension for Android target not found
Native extension for WebGL target not found
Package Manager log level set to [2]
[Package Manager] Server::EnsureServerProcessIsRunning -- launch failed, reason: Unity was launched with the -noUpm command-line argument
[Package Manager] UpmClient::Send -- Unable to send message (not connected to UPM process).
[Package Manager] Cannot connect to Unity Package Manager local server
Mono: successfully reloaded assembly
- Finished resetting the current domain, in  0.850 seconds
Domain Reload Profiling: 1671ms
	BeginReloadAssembly (157ms)
		ExecutionOrderSort (0ms)
		DisableScriptedObjects (6ms)
		BackupInstance (0ms)
		ReleaseScriptingObjects (0ms)
		CreateAndSetChildDomain (26ms)
	RebuildCommonClasses (39ms)
	RebuildNativeTypeToScriptingClass (13ms)
	initialDomainReloadingComplete (48ms)
	LoadAllAssembliesAndSetupDomain (563ms)
		LoadAssemblies (471ms)
		RebuildTransferFunctionScriptingTraits (0ms)
		AnalyzeDomain (183ms)
			TypeCache.Refresh (155ms)
				TypeCache.ScanAssembly (138ms)
			ScanForSourceGeneratedMonoScriptInfo (22ms)
			ResolveRequiredComponents (5ms)
	FinalizeReload (850ms)
		ReleaseScriptCaches (0ms)
		RebuildScriptCaches (0ms)
		SetupLoadedEditorAssemblies (670ms)
			LogAssemblyErrors (0ms)
			InitializePlatformSupportModulesInManaged (29ms)
			SetLoadedEditorAssemblies (4ms)
			RefreshPlugins (0ms)
			BeforeProcessingInitializeOnLoad (74ms)
			ProcessInitializeOnLoadAttributes (516ms)
			ProcessInitializeOnLoadMethodAttributes (37ms)
			AfterProcessingInitializeOnLoad (9ms)
			EditorAssembliesLoaded (0ms)
		ExecutionOrderSort2 (0ms)
		AwakeInstancesAfterBackupRestoration (5ms)
Launched and connected shader compiler UnityShaderCompiler.exe after 0.05 seconds
Refreshing native plugins compatible for Editor in 5.41 ms, found 4 plugins.
Preloading 0 native plugins for Editor in 0.00 ms.
Unloading 4050 Unused Serialized files (Serialized files now loaded: 0)
Unloading 70 unused Assets / (244.4 KB). Loaded Objects now: 4509.
Memory consumption went from 154.8 MB to 154.5 MB.
Total: 4.823500 ms (FindLiveObjects: 0.412000 ms CreateObjectMapping: 0.109500 ms MarkObjects: 4.058500 ms  DeleteObjects: 0.241600 ms)

AssetImportParameters requested are different than current active one (requested -> active):
  custom:container-demuxer-ogg: 62fdf1f143b41e24485cea50d1cbac27 -> 
  custom:video-codec-MediaFoundation-h265: 746d11721c4dcdbdad8f713fa42b33f4 -> 
  custom:video-decoder-ogg-theora: a1e56fd34408186e4bbccfd4996cb3dc -> 
  custom:framework-win-MediaFoundation: 216162199b28c13a410421893ffa2e32 -> 
  custom:CustomObjectIndexerAttribute: 6d391050e5a25f67b0a2c618074f2cd9 -> 
  custom:container-demuxer-webm: 4f35f7cbe854078d1ac9338744f61a02 -> 
  custom:container-muxer-webm: aa71ff27fc2769a1b78a27578f13a17b -> 
  custom:video-decoder-webm-vp8: 9c59270c3fd7afecdb556c50c9e8de78 -> 
  custom:SearchIndexIgnoredProperties: e643bd26f0fe6173181afceb89e7c659 -> 
  custom:AudioImporter_EditorPlatform: d09bf68614088b80899f8185d706f6e7 -> 
  custom:video-encoder-webm-vp8: eb34c28f22e8b96e1ab97ce403110664 -> 
  custom:audio-decoder-ogg-vorbis: bf7c407c2cedff20999df2af8eb42d56 -> 
  custom:audio-encoder-webm-vorbis: bf7c407c2cedff20999df2af8eb42d56 -> 
========================================================================
Received Import Request.
  Time since last request: 158022.621842 seconds.
  path: Assets/Free Ambient Instrumental Music/3Piano/Piano2.wav
  artifactKey: Guid(824f33afe798f2842ae31de52ce5dea4) Importer(815301076,1909f56bfc062723c751e8b465ee728b)
Start importing Assets/Free Ambient Instrumental Music/3Piano/Piano2.wav using Guid(824f33afe798f2842ae31de52ce5dea4) Importer(815301076,1909f56bfc062723c751e8b465ee728b)  -> (artifact id: '5eaee20376318278d60d26e739285eb5') in 0.494643 seconds
Number of updated asset objects reloaded before import = 0
Number of asset objects unloaded after import = 2
========================================================================
Received Import Request.
  Time since last request: 0.000041 seconds.
  path: Assets/Free Ambient Instrumental Music/3Piano/Piano3.wav
  artifactKey: Guid(d06561493678fea4f8cb936d5905277d) Importer(815301076,1909f56bfc062723c751e8b465ee728b)
Start importing Assets/Free Ambient Instrumental Music/3Piano/Piano3.wav using Guid(d06561493678fea4f8cb936d5905277d) Importer(815301076,1909f56bfc062723c751e8b465ee728b)  -> (artifact id: 'd6256e5b7123747b15b3f07e06267bb4') in 0.878515 seconds
Number of updated asset objects reloaded before import = 0
Number of asset objects unloaded after import = 2
========================================================================
Received Import Request.
  Time since last request: 76.054853 seconds.
  path: Assets/Free Ambient Instrumental Music/Harp/Harp1.wav
  artifactKey: Guid(79667ccf5dba62c4dbee562e6bec6f93) Importer(815301076,1909f56bfc062723c751e8b465ee728b)
Start importing Assets/Free Ambient Instrumental Music/Harp/Harp1.wav using Guid(79667ccf5dba62c4dbee562e6bec6f93) Importer(815301076,1909f56bfc062723c751e8b465ee728b)  -> (artifact id: '2ce6a364b3352f2d0dbb77fd99915094') in 0.361548 seconds
Number of updated asset objects reloaded before import = 0
Number of asset objects unloaded after import = 2
========================================================================
Received Import Request.
  Time since last request: 0.000021 seconds.
  path: Assets/Free Ambient Instrumental Music/Harp/Harp2.wav
  artifactKey: Guid(48ea6c42dac01d64e9ef2a2aec245c65) Importer(815301076,1909f56bfc062723c751e8b465ee728b)
Start importing Assets/Free Ambient Instrumental Music/Harp/Harp2.wav using Guid(48ea6c42dac01d64e9ef2a2aec245c65) Importer(815301076,1909f56bfc062723c751e8b465ee728b)  -> (artifact id: '646a6228de2a43ed6c86601b8d53ebc3') in 0.687118 seconds
Number of updated asset objects reloaded before import = 0
Number of asset objects unloaded after import = 2
========================================================================
Received Import Request.
  Time since last request: 1550.159033 seconds.
  path: Assets/FREE CASUAL MUSIC PACK/CASUAL THEME 3/CASUAL THEME 3 - LOOP (3).wav
  artifactKey: Guid(fecae2a77cef6694caa4dd7624c09ef9) Importer(815301076,1909f56bfc062723c751e8b465ee728b)
Start importing Assets/FREE CASUAL MUSIC PACK/CASUAL THEME 3/CASUAL THEME 3 - LOOP (3).wav using Guid(fecae2a77cef6694caa4dd7624c09ef9) Importer(815301076,1909f56bfc062723c751e8b465ee728b)  -> (artifact id: '7bbbbd1d5b988272384d6255fdd00080') in 0.392112 seconds
Number of updated asset objects reloaded before import = 0
Number of asset objects unloaded after import = 2
========================================================================
Received Import Request.
  Time since last request: 15.961390 seconds.
  path: Assets/FREE CASUAL MUSIC PACK/CASUAL THEME 2/CASUAL THEME 2 - LOOP 2.wav
  artifactKey: Guid(6b99e4ca54feb1c499bd45b2c95dfde1) Importer(815301076,1909f56bfc062723c751e8b465ee728b)
Start importing Assets/FREE CASUAL MUSIC PACK/CASUAL THEME 2/CASUAL THEME 2 - LOOP 2.wav using Guid(6b99e4ca54feb1c499bd45b2c95dfde1) Importer(815301076,1909f56bfc062723c751e8b465ee728b)  -> (artifact id: '702fb86023c67aacdf92f6dda15ad377') in 0.089480 seconds
Number of updated asset objects reloaded before import = 0
Number of asset objects unloaded after import = 2
========================================================================
Received Import Request.
  Time since last request: 246.265771 seconds.
  path: Assets/FREE CASUAL MUSIC PACK/OTHERS/Chinese_loop 1.wav
  artifactKey: Guid(2a5e5cb41bb1f6d44b940f084541e17a) Importer(815301076,1909f56bfc062723c751e8b465ee728b)
Start importing Assets/FREE CASUAL MUSIC PACK/OTHERS/Chinese_loop 1.wav using Guid(2a5e5cb41bb1f6d44b940f084541e17a) Importer(815301076,1909f56bfc062723c751e8b465ee728b)  -> (artifact id: '1af1f3927f4555b21cfea70ef8b45265') in 0.119853 seconds
Number of updated asset objects reloaded before import = 0
Number of asset objects unloaded after import = 2
========================================================================
Received Import Request.
  Time since last request: 0.000029 seconds.
  path: Assets/FREE CASUAL MUSIC PACK/BONUS 2 - SFX/SPECIAL COLECT 1.wav
  artifactKey: Guid(aefff84a12c287b4a8012f4034d9f224) Importer(815301076,1909f56bfc062723c751e8b465ee728b)
Start importing Assets/FREE CASUAL MUSIC PACK/BONUS 2 - SFX/SPECIAL COLECT 1.wav using Guid(aefff84a12c287b4a8012f4034d9f224) Importer(815301076,1909f56bfc062723c751e8b465ee728b)  -> (artifact id: '7f6b2b96a242313fa58f65289e282b16') in 0.035990 seconds
Number of updated asset objects reloaded before import = 0
Number of asset objects unloaded after import = 2
========================================================================
Received Import Request.
  Time since last request: 0.000030 seconds.
  path: Assets/FREE CASUAL MUSIC PACK/BONUS 2 - SFX/POWERUP 1.wav
  artifactKey: Guid(9a9c299152803c843b0b9ee35114535b) Importer(815301076,1909f56bfc062723c751e8b465ee728b)
Start importing Assets/FREE CASUAL MUSIC PACK/BONUS 2 - SFX/POWERUP 1.wav using Guid(9a9c299152803c843b0b9ee35114535b) Importer(815301076,1909f56bfc062723c751e8b465ee728b)  -> (artifact id: 'f6b33c8eb1038cbf4117744ac86dc3b8') in 0.030534 seconds
Number of updated asset objects reloaded before import = 0
Number of asset objects unloaded after import = 2
========================================================================
Received Import Request.
  Time since last request: 0.000041 seconds.
  path: Assets/FREE CASUAL MUSIC PACK/BONUS 2 - SFX/FIREWORKS 3.wav
  artifactKey: Guid(b3d1ca4c18c7cdc4484ae1e93f4dcc78) Importer(815301076,1909f56bfc062723c751e8b465ee728b)
Start importing Assets/FREE CASUAL MUSIC PACK/BONUS 2 - SFX/FIREWORKS 3.wav using Guid(b3d1ca4c18c7cdc4484ae1e93f4dcc78) Importer(815301076,1909f56bfc062723c751e8b465ee728b)  -> (artifact id: '4d317b9c22e847a2c145eb683ca06dff') in 0.043357 seconds
Number of updated asset objects reloaded before import = 0
Number of asset objects unloaded after import = 2
========================================================================
Received Import Request.
  Time since last request: 0.000258 seconds.
  path: Assets/FREE CASUAL MUSIC PACK/BONUS 2 - SFX/POP 1.wav
  artifactKey: Guid(674164301a9ad2345adc93c006e87495) Importer(815301076,1909f56bfc062723c751e8b465ee728b)
Start importing Assets/FREE CASUAL MUSIC PACK/BONUS 2 - SFX/POP 1.wav using Guid(674164301a9ad2345adc93c006e87495) Importer(815301076,1909f56bfc062723c751e8b465ee728b)  -> (artifact id: '796ea3594fe4f96b8760efbf8dfe8a14') in 0.025609 seconds
Number of updated asset objects reloaded before import = 0
Number of asset objects unloaded after import = 2
========================================================================
Received Import Request.
  Time since last request: 0.000045 seconds.
  path: Assets/FREE CASUAL MUSIC PACK/RUNNING WILD/RUNNING WILD - LOOP 4.wav
  artifactKey: Guid(0869bcc8afadcbd4182169d7dc3e6484) Importer(815301076,1909f56bfc062723c751e8b465ee728b)
Start importing Assets/FREE CASUAL MUSIC PACK/RUNNING WILD/RUNNING WILD - LOOP 4.wav using Guid(0869bcc8afadcbd4182169d7dc3e6484) Importer(815301076,1909f56bfc062723c751e8b465ee728b)  -> (artifact id: '98ca911943d34dd44794a341711b01cf') in 0.071529 seconds
Number of updated asset objects reloaded before import = 0
Number of asset objects unloaded after import = 2
Editor requested this worker to shutdown with reason: Scaling down because of idle timeout
TcpMessagingSession - receive error: operation aborted. errorcode: 995, details: The I/O operation has been aborted because of either a thread exit or an application request.
AssetImportWorker is now disconnected from the server
Process exiting
Exiting without the bug reporter. Application will terminate with return code 0